[    0.000000] Initializing cgroup subsys cpuset
[    0.000000] Initializing cgroup subsys cpu
[    0.000000] Initializing cgroup subsys cpuacct
[    0.000000] Linux version 4.4.0-210-generic (buildd@lgw01-amd64-009) (gcc version 5.4.0 20160609 (Ubuntu 5.4.0-6ubuntu1~16.04.12) ) #242-Ubuntu SMP Fri Apr 16 09:57:56 UTC 2021 (Ubuntu 4.4.0-210.242-generic 4.4.262)
[    0.000000] Command line: BOOT_IMAGE=/boot/vmlinuz-4.4.0-210-generic root=LABEL=cloudimg-rootfs ro console=tty1 console=ttyS0
[    0.000000] KERNEL supported cpus:
[    0.000000]   Intel GenuineIntel
[    0.000000]   AMD AuthenticAMD
[    0.000000]   Centaur CentaurHauls
[    0.000000] x86/fpu: xstate_offset[2]:  576, xstate_sizes[2]:  256
[    0.000000] x86/fpu: Supporting XSAVE feature 0x01: 'x87 floating point registers'
[    0.000000] x86/fpu: Supporting XSAVE feature 0x02: 'SSE registers'
[    0.000000] x86/fpu: Supporting XSAVE feature 0x04: 'AVX registers'
[    0.000000] x86/fpu: Enabled xstate features 0x7, context size is 832 bytes, using 'standard' format.
[    0.000000] e820: BIOS-provided physical RAM map:
[    0.000000] BIOS-e820: [mem 0x0000000000000000-0x000000000009fbff] usable
[    0.000000] BIOS-e820: [mem 0x000000000009fc00-0x000000000009ffff] reserved
[    0.000000] BIOS-e820: [mem 0x00000000000f0000-0x00000000000fffff] reserved
[    0.000000] BIOS-e820: [mem 0x0000000000100000-0x000000003ffeffff] usable
[    0.000000] BIOS-e820: [mem 0x000000003fff0000-0x000000003fffffff] ACPI data
[    0.000000] BIOS-e820: [mem 0x00000000fec00000-0x00000000fec00fff] reserved
[    0.000000] BIOS-e820: [mem 0x00000000fee00000-0x00000000fee00fff] reserved
[    0.000000] BIOS-e820: [mem 0x00000000fffc0000-0x00000000ffffffff] reserved
[    0.000000] NX (Execute Disable) protection: active
[    0.000000] SMBIOS 2.5 present.
[    0.000000] Hypervisor detected: KVM
[    0.000000] Kernel/User page tables isolation: disabled
[    0.000000] e820: last_pfn = 0x3fff0 max_arch_pfn = 0x400000000
[    0.000000] MTRR: Disabled
[    0.000000] x86/PAT: MTRRs disabled, skipping PAT initialization too.
[    0.000000] CPU MTRRs all blank - virtualized system.
[    0.000000] x86/PAT: Configuration [0-7]: WB  WT  UC- UC  WB  WT  UC- UC  
[    0.000000] found SMP MP-table at [mem 0x0009fff0-0x0009ffff] mapped at [ffff88000009fff0]
[    0.000000] Scanning 1 areas for low memory corruption
[    0.000000] RAMDISK: [mem 0x362dc000-0x37165fff]
[    0.000000] ACPI: Early table checksum verification disabled
[    0.000000] ACPI: RSDP 0x00000000000E0000 000024 (v02 VBOX  )
[    0.000000] ACPI: XSDT 0x000000003FFF0030 00003C (v01 VBOX   VBOXXSDT 00000001 ASL  00000061)
[    0.000000] ACPI: FACP 0x000000003FFF00F0 0000F4 (v04 VBOX   VBOXFACP 00000001 ASL  00000061)
[    0.000000] ACPI: DSDT 0x000000003FFF0470 002325 (v02 VBOX   VBOXBIOS 00000002 INTL 20100528)
[    0.000000] ACPI: FACS 0x000000003FFF0200 000040
[    0.000000] ACPI: FACS 0x000000003FFF0200 000040
[    0.000000] ACPI: APIC 0x000000003FFF0240 00005C (v02 VBOX   VBOXAPIC 00000001 ASL  00000061)
[    0.000000] ACPI: SSDT 0x000000003FFF02A0 0001CC (v01 VBOX   VBOXCPUT 00000002 INTL 20100528)
[    0.000000] No NUMA configuration found
[    0.000000] Faking a node at [mem 0x0000000000000000-0x000000003ffeffff]
[    0.000000] NODE_DATA(0) allocated [mem 0x3ffeb000-0x3ffeffff]
[    0.000000] kvm-clock: Using msrs 4b564d01 and 4b564d00
[    0.000000] kvm-clock: cpu 0, msr 0:3ffe3001, primary cpu clock
[    0.000000] kvm-clock: using sched offset of 5057255207 cycles
[    0.000000] clocksource: kvm-clock: mask: 0xffffffffffffffff max_cycles: 0x1cd42e4dffb, max_idle_ns: 881590591483 ns
[    0.000000] Zone ranges:
[    0.000000]   DMA      [mem 0x0000000000001000-0x0000000000ffffff]
[    0.000000]   DMA32    [mem 0x0000000001000000-0x000000003ffeffff]
[    0.000000]   Normal   empty
[    0.000000]   Device   empty
[    0.000000] Movable zone start for each node
[    0.000000] Early memory node ranges
[    0.000000]   node   0: [mem 0x0000000000001000-0x000000000009efff]
[    0.000000]   node   0: [mem 0x0000000000100000-0x000000003ffeffff]
[    0.000000] Initmem setup node 0 [mem 0x0000000000001000-0x000000003ffeffff]
[    0.000000] ACPI: PM-Timer IO Port: 0x4008
[    0.000000] IOAPIC[0]: apic_id 2, version 32, address 0xfec00000, GSI 0-23
[    0.000000] ACPI: INT_SRC_OVR (bus 0 bus_irq 0 global_irq 2 dfl dfl)
[    0.000000] ACPI: INT_SRC_OVR (bus 0 bus_irq 9 global_irq 9 low level)
[    0.000000] Using ACPI (MADT) for SMP configuration information
[    0.000000] smpboot: Allowing 2 CPUs, 0 hotplug CPUs
[    0.000000] PM: Registered nosave memory: [mem 0x00000000-0x00000fff]
[    0.000000] PM: Registered nosave memory: [mem 0x0009f000-0x0009ffff]
[    0.000000] PM: Registered nosave memory: [mem 0x000a0000-0x000effff]
[    0.000000] PM: Registered nosave memory: [mem 0x000f0000-0x000fffff]
[    0.000000] e820: [mem 0x40000000-0xfebfffff] available for PCI devices
[    0.000000] Booting paravirtualized kernel on KVM
[    0.000000] clocksource: refined-jiffies: mask: 0xffffffff max_cycles: 0xffffffff, max_idle_ns: 7645519600211568 ns
[    0.000000] setup_percpu: NR_CPUS:512 nr_cpumask_bits:512 nr_cpu_ids:2 nr_node_ids:1
[    0.000000] PERCPU: Embedded 33 pages/cpu @ffff88003fc00000 s95192 r8192 d31784 u1048576
[    0.000000] Built 1 zonelists in Node order, mobility grouping on.  Total pages: 257912
[    0.000000] Policy zone: DMA32
[    0.000000] Kernel command line: BOOT_IMAGE=/boot/vmlinuz-4.4.0-210-generic root=LABEL=cloudimg-rootfs ro console=tty1 console=ttyS0
[    0.000000] PID hash table entries: 4096 (order: 3, 32768 bytes)
[    0.000000] Memory: 997792K/1048120K available (8644K kernel code, 1332K rwdata, 4044K rodata, 1492K init, 1164K bss, 50328K reserved, 0K cma-reserved)
[    0.000000] SLUB: HWalign=64, Order=0-3, MinObjects=0, CPUs=2, Nodes=1
[    0.000000] Hierarchical RCU implementation.
[    0.000000] 	Build-time adjustment of leaf fanout to 64.
[    0.000000] 	RCU restricting CPUs from NR_CPUS=512 to nr_cpu_ids=2.
[    0.000000] RCU: Adjusting geometry for rcu_fanout_leaf=64, nr_cpu_ids=2
[    0.000000] NR_IRQS:33024 nr_irqs:440 16
[    0.000000] Console: colour VGA+ 80x25
[    0.000000] console [tty1] enabled
[    0.000000] console [ttyS0] enabled
[    0.000000] tsc: Detected 2112.000 MHz processor
[    0.537285] Calibrating delay loop (skipped) preset value.. 4224.00 BogoMIPS (lpj=8448000)
[    0.543728] pid_max: default: 32768 minimum: 301
[    0.546743] ACPI: Core revision 20150930
[    0.551761] ACPI: 2 ACPI AML tables successfully acquired and loaded
[    0.557513] Security Framework initialized
[    0.560504] Yama: becoming mindful.
[    0.563059] AppArmor: AppArmor initialized
[    0.566691] Dentry cache hash table entries: 131072 (order: 8, 1048576 bytes)
[    0.571100] Inode-cache hash table entries: 65536 (order: 7, 524288 bytes)
[    0.592474] Mount-cache hash table entries: 2048 (order: 2, 16384 bytes)
[    0.596888] Mountpoint-cache hash table entries: 2048 (order: 2, 16384 bytes)
[    0.602601] Initializing cgroup subsys io
[    0.605514] Initializing cgroup subsys memory
[    0.608614] Initializing cgroup subsys devices
[    0.611713] Initializing cgroup subsys freezer
[    0.614885] Initializing cgroup subsys net_cls
[    0.618306] Initializing cgroup subsys perf_event
[    0.622233] Initializing cgroup subsys net_prio
[    0.625919] Initializing cgroup subsys hugetlb
[    0.629942] Initializing cgroup subsys pids
[    0.637886] mce: CPU supports 0 MCE banks
[    0.641493] Last level iTLB entries: 4KB 0, 2MB 0, 4MB 0
[    0.645569] Last level dTLB entries: 4KB 0, 2MB 0, 4MB 0, 1GB 0
[    0.650007] Spectre V1 : Mitigation: usercopy/swapgs barriers and __user pointer sanitization
[    0.657054] Spectre V2 : Mitigation: Full generic retpoline
[    0.661423] Spectre V2 : Spectre v2 / SpectreRSB mitigation: Filling RSB on context switch
[    0.667922] Speculative Store Bypass: Vulnerable
[    0.681252] Freeing SMP alternatives memory: 36K
[    0.707247] ftrace: allocating 32380 entries in 127 pages
[    0.854044] smpboot: APIC(0) Converting physical 0 to logical package 0
[    0.858709] smpboot: Max logical packages: 1
[    0.861678] x2apic enabled
[    0.864626] Switched APIC routing to physical x2apic.
[    0.869856] ..TIMER: vector=0x30 apic1=0 pin1=2 apic2=-1 pin2=-1
[    0.980832] smpboot: CPU0: 12th Gen Intel(R) Core(TM) i5-1240P (family: 0x6, model: 0x9a, stepping: 0x3)
[    0.986772] Performance Events: unsupported p6 CPU model 154 no PMU driver, software events only.
[    1.017297] KVM setup paravirtual spinlock
[    1.020286] x86: Booting SMP configuration:
[    1.022688] .... node  #0, CPUs:      #1
[    1.025178] kvm-clock: cpu 1, msr 0:3ffe3041, secondary cpu clock
[    1.033782] mce: CPU supports 0 MCE banks
[    1.038062] x86: Booted up 1 node, 2 CPUs
[    1.041991] smpboot: Total of 2 processors activated (8448.00 BogoMIPS)
[    1.046657] devtmpfs: initialized
[    1.051265] evm: security.selinux
[    1.053710] evm: security.SMACK64
[    1.055317] evm: security.SMACK64EXEC
[    1.057822] evm: security.SMACK64TRANSMUTE
[    1.059710] evm: security.SMACK64MMAP
[    1.062002] evm: security.ima
[    1.063563] evm: security.capability
[    1.065876] clocksource: jiffies: mask: 0xffffffff max_cycles: 0xffffffff, max_idle_ns: 7645041785100000 ns
[    1.070681] futex hash table entries: 512 (order: 3, 32768 bytes)
[    1.074014] pinctrl core: initialized pinctrl subsystem
[    1.076815] RTC time: 15:16:19, date: 10/18/22
[    1.096605] NET: Registered protocol family 16
[    1.109641] cpuidle: using governor ladder
[    1.125145] cpuidle: using governor menu
[    1.126944] PCCT header not found.
[    1.128431] ACPI: bus type PCI registered
[    1.129510] acpiphp: ACPI Hot Plug PCI Controller Driver version: 0.5
[    1.131762] PCI: Using configuration type 1 for base access
[    1.145775] ACPI: Added _OSI(Module Device)
[    1.147910] ACPI: Added _OSI(Processor Device)
[    1.149920] ACPI: Added _OSI(3.0 _SCP Extensions)
[    1.152223] ACPI: Added _OSI(Processor Aggregator Device)
[    1.155871] ACPI: Executed 1 blocks of module-level executable AML code
[    1.162185] ACPI: Interpreter enabled
[    1.163972] ACPI: (supports S0 S5)
[    1.165793] ACPI: Using IOAPIC for interrupt routing
[    1.168301] PCI: Using host bridge windows from ACPI; if necessary, use "pci=nocrs" and report a bug
[    1.178902] ACPI: PCI Root Bridge [PCI0] (domain 0000 [bus 00-ff])
[    1.181712] acpi PNP0A03:00: _OSC: OS supports [ASPM ClockPM Segments MSI]
[    1.185661] acpi PNP0A03:00: _OSC: not requesting OS control; OS requires [ExtendedConfig ASPM ClockPM MSI]
[    1.190522] acpi PNP0A03:00: fail to add MMCONFIG information, can't access extended PCI configuration space under this bridge.
[    1.197171] PCI host bridge to bus 0000:00
[    1.199132] pci_bus 0000:00: root bus resource [io  0x0000-0x0cf7 window]
[    1.202485] pci_bus 0000:00: root bus resource [io  0x0d00-0xffff window]
[    1.205372] pci_bus 0000:00: root bus resource [mem 0x000a0000-0x000bffff window]
[    1.208811] pci_bus 0000:00: root bus resource [mem 0x40000000-0xfdffffff window]
[    1.212283] pci_bus 0000:00: root bus resource [bus 00-ff]
[    1.219037] pci 0000:00:01.1: legacy IDE quirk: reg 0x10: [io  0x01f0-0x01f7]
[    1.221782] pci 0000:00:01.1: legacy IDE quirk: reg 0x14: [io  0x03f6]
[    1.225390] pci 0000:00:01.1: legacy IDE quirk: reg 0x18: [io  0x0170-0x0177]
[    1.228886] pci 0000:00:01.1: legacy IDE quirk: reg 0x1c: [io  0x0376]
[    1.258864] pci 0000:00:07.0: quirk: [io  0x4000-0x403f] claimed by PIIX4 ACPI
[    1.285434] pci 0000:00:07.0: quirk: [io  0x4100-0x410f] claimed by PIIX4 SMB
[    1.298790] ACPI: PCI Interrupt Link [LNKA] (IRQs 5 9 10 *11)
[    1.303916] ACPI: PCI Interrupt Link [LNKB] (IRQs 5 9 *10 11)
[    1.308476] ACPI: PCI Interrupt Link [LNKC] (IRQs 5 *9 10 11)
[    1.313956] ACPI: PCI Interrupt Link [LNKD] (IRQs 5 9 10 *11)
[    1.319560] ACPI: Enabled 2 GPEs in block 00 to 07
[    1.323098] vgaarb: setting as boot device: PCI:0000:00:02.0
[    1.325792] vgaarb: device added: PCI:0000:00:02.0,decodes=io+mem,owns=io+mem,locks=none
[    1.330638] vgaarb: loaded
[    1.331845] vgaarb: bridge control possible 0000:00:02.0
[    1.334801] SCSI subsystem initialized
[    1.336510] ACPI: bus type USB registered
[    1.338603] usbcore: registered new interface driver usbfs
[    1.340936] usbcore: registered new interface driver hub
[    1.343646] usbcore: registered new device driver usb
[    1.346151] PCI: Using ACPI for IRQ routing
[    1.348540] NetLabel: Initializing
[    1.350174] NetLabel:  domain hash size = 128
[    1.352464] NetLabel:  protocols = UNLABELED CIPSOv4
[    1.354646] NetLabel:  unlabeled traffic allowed by default
[    1.357197] amd_nb: Cannot enumerate AMD northbridges
[    1.359701] clocksource: Switched to clocksource kvm-clock
[    1.403224] AppArmor: AppArmor Filesystem Enabled
[    1.405606] pnp: PnP ACPI init
[    1.409039] pnp: PnP ACPI: found 3 devices
[    1.422046] clocksource: acpi_pm: mask: 0xffffff max_cycles: 0xffffff, max_idle_ns: 2085701024 ns
[    1.426002] NET: Registered protocol family 2
[    1.428382] TCP established hash table entries: 8192 (order: 4, 65536 bytes)
[    1.432332] TCP bind hash table entries: 8192 (order: 5, 131072 bytes)
[    1.434852] TCP: Hash tables configured (established 8192 bind 8192)
[    1.437381] UDP hash table entries: 512 (order: 2, 16384 bytes)
[    1.439671] UDP-Lite hash table entries: 512 (order: 2, 16384 bytes)
[    1.442195] NET: Registered protocol family 1
[    1.443964] pci 0000:00:00.0: Limiting direct PCI/PCI transfers
[    1.446728] pci 0000:00:01.0: Activating ISA DMA hang workarounds
[    1.463174] Unpacking initramfs...
[    2.301893] Freeing initrd memory: 14888K
[    2.305181] clocksource: tsc: mask: 0xffffffffffffffff max_cycles: 0x1e71785e5dd, max_idle_ns: 440795244814 ns
[    2.311478] platform rtc_cmos: registered platform RTC device (no PNP device found)
[    2.317201] Scanning for low memory corruption every 60 seconds
[    2.321799] audit: initializing netlink subsys (disabled)
[    2.325748] audit: type=2000 audit(1666106186.369:1): initialized
[    2.330544] Initialise system trusted keyring
[    2.335013] HugeTLB registered 2 MB page size, pre-allocated 0 pages
[    2.341892] zbud: loaded
[    2.345321] VFS: Disk quotas dquot_6.6.0
[    2.348024] VFS: Dquot-cache hash table entries: 512 (order 0, 4096 bytes)
[    2.352552] squashfs: version 4.0 (2009/01/31) Phillip Lougher
[    2.356942] fuse init (API version 7.23)
[    2.360973] Key type big_key registered
[    2.363935] Allocating IMA MOK and blacklist keyrings.
[    2.388487] Key type asymmetric registered
[    2.391975] Asymmetric key parser 'x509' registered
[    2.396451] Block layer SCSI generic (bsg) driver version 0.4 loaded (major 249)
[    2.402941] io scheduler noop registered
[    2.406150] io scheduler deadline registered (default)
[    2.410308] io scheduler cfq registered
[    2.413841] pci_hotplug: PCI Hot Plug PCI Core version: 0.5
[    2.418234] pciehp: PCI Express Hot Plug Controller Driver version: 0.4
[    2.422977] ACPI: AC Adapter [AC] (off-line)
[    2.426320] input: Power Button as /devices/LNXSYSTM:00/LNXPWRBN:00/input/input0
[    2.432994] ACPI: Power Button [PWRF]
[    2.436257] input: Sleep Button as /devices/LNXSYSTM:00/LNXSLPBN:00/input/input1
[    2.442436] ACPI: Sleep Button [SLPF]
[    2.446442] GHES: HEST is not enabled!
[    2.450252] Serial: 8250/16550 driver, 32 ports, IRQ sharing enabled
[    2.452084] ACPI: Battery Slot [BAT0] (battery present)
[    2.481020] 00:02: ttyS0 at I/O 0x3f8 (irq = 4, base_baud = 115200) is a 16550A
[    2.486933] Linux agpgart interface v0.103
[    2.494152] loop: module loaded
[    2.498627] scsi host0: ata_piix
[    2.501916] scsi host1: ata_piix
[    2.504367] ata1: PATA max UDMA/33 cmd 0x1f0 ctl 0x3f6 bmdma 0xd000 irq 14
[    2.508578] ata2: PATA max UDMA/33 cmd 0x170 ctl 0x376 bmdma 0xd008 irq 15
[    2.514668] libphy: Fixed MDIO Bus: probed
[    2.517666] tun: Universal TUN/TAP device driver, 1.6
[    2.521237] tun: (C) 1999-2004 Max Krasnyansky <maxk@qualcomm.com>
[    2.526224] PPP generic driver version 2.4.2
[    2.529717] ehci_hcd: USB 2.0 'Enhanced' Host Controller (EHCI) Driver
[    2.533520] ehci-pci: EHCI PCI platform driver
[    2.536798] ehci-platform: EHCI generic platform driver
[    2.542007] ohci_hcd: USB 1.1 'Open' Host Controller (OHCI) Driver
[    2.547026] ohci-pci: OHCI PCI platform driver
[    2.551442] ohci-platform: OHCI generic platform driver
[    2.555543] uhci_hcd: USB Universal Host Controller Interface driver
[    2.559699] i8042: PNP: PS/2 Controller [PNP0303:PS2K,PNP0f03:PS2M] at 0x60,0x64 irq 1,12
[    2.570402] serio: i8042 KBD port at 0x60,0x64 irq 1
[    2.574988] serio: i8042 AUX port at 0x60,0x64 irq 12
[    2.578855] mousedev: PS/2 mouse device common for all mice
[    2.589938] input: AT Translated Set 2 keyboard as /devices/platform/i8042/serio0/input/input2
[    2.592731] rtc_cmos rtc_cmos: rtc core: registered rtc_cmos as rtc0
[    2.592940] rtc_cmos rtc_cmos: alarms up to one day, 114 bytes nvram
[    2.592957] i2c /dev entries driver
[    2.593075] device-mapper: uevent: version 1.0.3
[    2.607498] device-mapper: ioctl: 4.34.0-ioctl (2015-10-28) initialised: dm-devel@redhat.com
[    2.607543] ledtrig-cpu: registered to indicate activity on CPUs
[    2.608310] NET: Registered protocol family 10
[    2.608617] NET: Registered protocol family 17
[    2.608646] Key type dns_resolver registered
[    2.609026] registered taskstats version 1
[    2.609046] Loading compiled-in X.509 certificates
[    2.610134] Loaded X.509 cert 'Build time autogenerated kernel key: cf00e047681d67edb2720680708b7d9498083038'
[    2.610163] zswap: loaded using pool lzo/zbud
[    2.612897] Key type trusted registered
[    2.617466] Key type encrypted registered
[    2.617478] AppArmor: AppArmor sha1 policy hashing enabled
[    2.617482] ima: No TPM chip found, activating TPM-bypass!
[    2.617496] ima: Allocated hash algorithm: sha1
[    2.617518] evm: HMAC attrs: 0x1
[    2.618137]   Magic number: 10:687:285
[    2.621124] rtc_cmos rtc_cmos: setting system clock to 2022-10-18 15:16:20 UTC (1666106180)
[    2.621271] BIOS EDD facility v0.16 2004-Jun-25, 0 devices found
[    2.621272] EDD information not available.
[    2.708716] Freeing unused kernel memory: 1492K
[    2.891159] Write protecting the kernel read-only data: 14336k
[    2.895869] Freeing unused kernel memory: 1584K
[    2.898811] Freeing unused kernel memory: 52K
Loading, please wait...
starting version 229
[    2.929251] random: systemd-udevd: uninitialized urandom read (16 bytes read, 5 bits of entropy available)
[    2.930093] random: udevadm: uninitialized urandom read (16 bytes read, 5 bits of entropy available)
[    2.930124] random: udevadm: uninitialized urandom read (16 bytes read, 5 bits of entropy available)
[    2.942255] random: udevadm: uninitialized urandom read (16 bytes read, 5 bits of entropy available)
[    2.942346] random: udevadm: uninitialized urandom read (16 bytes read, 5 bits of entropy available)
[    2.942787] random: udevadm: uninitialized urandom read (16 bytes read, 5 bits of entropy available)
[    2.942886] random: udevadm: uninitialized urandom read (16 bytes read, 5 bits of entropy available)
[    2.942970] random: udevadm: uninitialized urandom read (16 bytes read, 5 bits of entropy available)
[    2.943052] random: udevadm: uninitialized urandom read (16 bytes read, 5 bits of entropy available)
[    2.943128] random: udevadm: uninitialized urandom read (16 bytes read, 5 bits of entropy available)
[    3.024814] e1000: Intel(R) PRO/1000 Network Driver - version 7.3.21-k8-NAPI
[    3.027354] e1000: Copyright (c) 1999-2006 Intel Corporation.
[    3.031326] Fusion MPT base driver 3.04.20
[    3.033579] Copyright (c) 1999-2008 LSI Corporation
[    3.050168] Fusion MPT SPI Host driver 3.04.20
[    3.071525] AVX2 version of gcm_enc/dec engaged.
[    3.073635] AES CTR mode by8 optimization enabled
[    3.251527] input: ImExPS/2 Generic Explorer Mouse as /devices/platform/i8042/serio1/input/input4
[    3.794329] e1000 0000:00:03.0 eth0: (PCI:33MHz:32-bit) 02:be:82:6b:cc:1d
[    3.796558] e1000 0000:00:03.0 eth0: Intel(R) PRO/1000 Network Connection
[    3.800003] mptbase: ioc0: Initiating bringup
[    3.800707] e1000 0000:00:03.0 enp0s3: renamed from eth0
[    4.075720] ioc0: LSI53C1030 A0: Capabilities={Initiator}
[    5.590526] scsi host2: ioc0: LSI53C1030 A0, FwRev=00000000h, Ports=1, MaxQ=256, IRQ=20
[    6.373947] scsi 2:0:0:0: Direct-Access     VBOX     HARDDISK         1.0  PQ: 0 ANSI: 5
[    6.379116] scsi target2:0:0: Beginning Domain Validation
[    6.384229] scsi target2:0:0: Domain Validation skipping write tests
[    6.386887] scsi target2:0:0: Ending Domain Validation
[    6.390396] scsi target2:0:0: asynchronous
[    6.395141] scsi 2:0:1:0: Direct-Access     VBOX     HARDDISK         1.0  PQ: 0 ANSI: 5
[    6.399916] scsi target2:0:1: Beginning Domain Validation
[    6.405205] scsi target2:0:1: Domain Validation skipping write tests
[    6.407907] scsi target2:0:1: Ending Domain Validation
[    6.411339] scsi target2:0:1: asynchronous
[    6.428819] sd 2:0:0:0: Attached scsi generic sg0 type 0
[    6.452297] sd 2:0:0:0: [sda] 83886080 512-byte logical blocks: (42.9 GB/40.0 GiB)
[    6.458056] sd 2:0:1:0: [sdb] 20480 512-byte logical blocks: (10.5 MB/10.0 MiB)
[    6.462537] sd 2:0:0:0: [sda] Write Protect is off
[    6.462609] sd 2:0:1:0: Attached scsi generic sg1 type 0
[    6.464315] sd 2:0:1:0: [sdb] Write Protect is off
[    6.464473] sd 2:0:1:0: [sdb] Incomplete mode parameter data
[    6.464475] sd 2:0:1:0: [sdb] Assuming drive cache: write through
[    6.469966] sd 2:0:1:0: [sdb] Attached SCSI disk
[    6.479250] sd 2:0:0:0: [sda] Incomplete mode parameter data
[    6.481731] sd 2:0:0:0: [sda] Assuming drive cache: write through
[    6.487771]  sda: sda1
[    6.491409] sd 2:0:0:0: [sda] Attached SCSI disk
Begin: Loading essential drivers ... [    8.215484] md: linear personality registered for level -1
[    8.222492] md: multipath personality registered for level -4
[    8.229554] md: raid0 personality registered for level 0
[    8.239054] md: raid1 personality registered for level 1
[    8.315878] raid6: sse2x1   gen()  6864 MB/s
[    8.383754] raid6: sse2x1   xor()  4646 MB/s
[    8.451897] raid6: sse2x2   gen()  8683 MB/s
[    8.519955] raid6: sse2x2   xor()  5024 MB/s
[    8.590243] raid6: sse2x4   gen()  9201 MB/s
[    8.655846] raid6: sse2x4   xor()  3542 MB/s
[    8.723752] raid6: avx2x1   gen() 12961 MB/s
[    8.791778] raid6: avx2x2   gen() 12229 MB/s
[    8.867882] raid6: avx2x4   gen() 14407 MB/s
[    8.869886] raid6: using algorithm avx2x4 gen() 14407 MB/s
[    8.873775] raid6: using avx2x2 recovery algorithm
[    8.877759] xor: automatically using best checksumming function:
[    8.920549]    avx       : 11024.000 MB/sec
[    8.924647] async_tx: api initialized (async)
[    8.944421] md: raid6 personality registered for level 6
[    8.947201] md: raid5 personality registered for level 5
[    8.949890] md: raid4 personality registered for level 4
[    8.962402] md: raid10 personality registered for level 10
done.
Begin: Running /scripts/init-premount ... done.
Begin: Mounting root file system ... Begin: Running /scripts/local-top ... done.
Begin: Running /scripts/local-premount ... [    9.021100] Btrfs loaded
Scanning for Btrfs filesystems
done.
Warning: fsck not present, so skipping root file system
[    9.075911] EXT4-fs (sda1): mounted filesystem with ordered data mode. Opts: (null)
done.
Begin: Running /scripts/local-bottom ... done.
Begin: Running /scripts/init-bottom ... done.
[    9.220243] systemd[1]: systemd 229 running in system mode. (+PAM +AUDIT +SELINUX +IMA +APPARMOR +SMACK +SYSVINIT +UTMP +LIBCRYPTSETUP +GCRYPT +GNUTLS +ACL +XZ -LZ4 +SECCOMP +BLKID +ELFUTILS +KMOD -IDN)
[    9.227001] systemd[1]: Detected virtualization oracle.
[    9.228465] systemd[1]: Detected architecture x86-64.

Welcome to [1mUbuntu 16.04.7 LTS[0m!

[    9.234169] systemd[1]: Set hostname to <ubuntu>.
[    9.238138] systemd[1]: Initializing machine ID from random generator.
[    9.241175] systemd[1]: Installed transient /etc/machine-id file.
[   10.025071] systemd[1]: Listening on fsck to fsckd communication Socket.
[[0;32m  OK  [0m] Listening on fsck to fsckd communication Socket.
[   10.031583] systemd[1]: Created slice System Slice.
[[0;32m  OK  [0m] Created slice System Slice.
[   10.036364] systemd[1]: Created slice User and Session Slice.
[[0;32m  OK  [0m] Created slice User and Session Slice.
[   10.305725] systemd[1]: Reached target Slices.
[[0;32m  OK  [0m] Reached target Slices.
[   10.496102] systemd[1]: Listening on Journal Socket.
[[0;32m  OK  [0m] Listening on Journal Socket.
[   10.513076] systemd[1]: Starting File System Check on Root Device...
         Starting File System Check on Root Device...
[   10.524224] systemd[1]: Started Trigger resolvconf update for networkd DNS.
[[0;32m  OK  [0m] Started Trigger resolvconf update for networkd DNS.
[   10.552685] systemd[1]: Listening on udev Kernel Socket.
[[0;32m  OK  [0m] Listening on udev Kernel Socket.
[   10.556918] systemd[1]: Reached target Encrypted Volumes.
[[0;32m  OK  [0m] Reached target Encrypted Volumes.
[   10.561494] systemd[1]: Listening on Journal Socket (/dev/log).
[[0;32m  OK  [0m] Listening on Journal Socket (/dev/log).
[   10.566070] systemd[1]: Listening on Syslog Socket.
[[0;32m  OK  [0m] Listening on Syslog Socket.
[   10.570137] systemd[1]: Listening on Device-mapper event daemon FIFOs.
[[0;32m  OK  [0m] Listening on Device-mapper event daemon FIFOs.
[   10.574762] systemd[1]: Listening on /dev/initctl Compatibility Named Pipe.
[[0;32m  OK  [0m] Listening on /dev/initctl Compatibility Named Pipe.
[   10.593012] systemd[1]: Starting Create list of required static device nodes for the current kernel...
         Starting Create list of required st... nodes for the current kernel...
[   10.601432] systemd[1]: Mounting Huge Pages File System...
         Mounting Huge Pages File System...
[   10.605833] systemd[1]: Reached target Swap.
[[0;32m  OK  [0m] Reached target Swap.
[   10.610485] systemd[1]: Starting Nameserver information manager...
         Starting Nameserver information manager...
[   10.616116] systemd[1]: Mounting Debug File System...
         Mounting Debug File System...
[   10.624139] systemd[1]: Listening on LVM2 metadata daemon socket.
[[0;32m  OK  [0m] Listening on LVM2 metadata daemon socket.
[   10.637547] systemd[1]: Starting Monitoring of LVM2 mirrors, snapshots etc. using dmeventd or progress polling...
         Starting Monitoring of LVM2 mirrors... dmeventd or progress polling...
[   10.670846] systemd[1]: Listening on udev Control Socket.
[   10.674685] random: nonblocking pool is initialized
[[0;32m  OK  [0m] Listening on udev Control Socket.
[   10.696120] systemd[1]: Starting Load Kernel Modules...
         Starting Load Kernel Modules...
[   10.708693] Loading iSCSI transport class v2.0-870.
[   10.708959] systemd[1]: Reached target User and Group Name Lookups.
[[0;32m  OK  [0m] Reached target User and Group Name Lookups.
[   10.717305] systemd[1]: Mounting POSIX Message Queue File System...
         Mounting POSIX Message Queue File System...
[   10.722250] systemd[1]: Set up automount Arbitrary Executable File Formats File System Automount Point.
[[0;32m  OK  [0m] Set up automount Arbitrary Executab...ats File System Automount Point.
[   10.730832] systemd[1]: Starting Uncomplicated firewall...
         Starting Uncomplicated firewall...
[   10.734876] systemd[1]: Started Forward Password Requests to Wall Directory Watch.
[   10.738850] iscsi: registered transport (tcp)
[[0;32m  OK  [0m] Started Forward Password Requests to Wall Directory Watch.
[   10.742712] systemd[1]: Listening on LVM2 poll daemon socket.
[[0;32m  OK  [0m] Listening on LVM2 poll daemon socket.
[   10.746958] systemd[1]: Listening on Journal Audit Socket.
[[0;32m  OK  [0m] Listening on Journal Audit Socket.
[   10.764195] systemd[1]: Starting Journal Service...
         Starting Journal Service...
[   10.769148] systemd[1]: Reached target System Time Synchronized.
[[0;32m  OK  [0m] Reached target System Time Synchronized.
[   10.781438] systemd[1]: Starting Set console keymap...
         Starting Set console keymap...
[   10.801759] systemd[1]: Created slice system-serial\x2dgetty.slice.
[[0;32m  OK  [0m] Created slice system-serial\x2dgetty.slice.
[   10.807431] iscsi: registered transport (iser)
[   10.810168] systemd[1]: Mounted Huge Pages File System.
[[0;32m  OK  [0m] Mounted Huge Pages File System.
[   10.816806] systemd[1]: Mounted POSIX Message Queue File System.
[[0;32m  OK  [0m] Mounted POSIX Message Queue File System.
[   10.821646] systemd[1]: Mounted Debug File System.
[[0;32m  OK  [0m] Mounted Debug File System.
[   10.828022] systemd[1]: Started Journal Service.
[[0;32m  OK  [0m] Started Journal Service.
[[0;32m  OK  [0m] Started File System Check on Root Device.
[[0;32m  OK  [0m] Started Create list of required sta...ce nodes for the current kernel.
[[0;32m  OK  [0m] Started Load Kernel Modules.
[[0;32m  OK  [0m] Started Uncomplicated firewall.
[[0;32m  OK  [0m] Started Set console keymap.
[[0;32m  OK  [0m] Started Nameserver information manager.
[[0;32m  OK  [0m] Started File System Check Daemon to report status.
[[0;32m  OK  [0m] Started LVM2 metadata daemon.
         Mounting FUSE Control File System...
         Starting Apply Kernel Variables...
         Starting Create Static Device Nodes in /dev...
         Starting Remount Root and Kernel File Systems...
[[0;32m  OK  [0m] Mounted FUSE Control File System.
[   10.926727] EXT4-fs (sda1): re-mounted. Opts: (null)
[[0;32m  OK  [0m] Started Apply Kernel Variables.
[[0;32m  OK  [0m] Started Remount Root and Kernel File Systems.
         Starting Flush Journal to Persistent Storage...
         Starting Load/Save Random Seed...
         Starting udev Coldplug all Devices...
[[0;32m  OK  [0m] Started Load/Save Random Seed.
[[0;32m  OK  [0m] Started Create Static Device Nodes in /dev.
         Starting udev Kernel Device Manager...
[[0;32m  OK  [0m] Started Flush Journal to Persistent Storage.
[[0;32m  OK  [0m] Started udev Kernel Device Manager.
[[0;32m  OK  [0m] Started udev Coldplug all Devices.
[[0;32m  OK  [0m] Started Dispatch Password Requests to Console Directory Watch.
[[0;32m  OK  [0m] Found device /dev/ttyS0.
[[0;32m  OK  [0m] Listening on Load/Save RF Kill Switch Status /dev/rfkill Watch.
[[0;32m  OK  [0m] Started Monitoring of LVM2 mirrors,...ng dmeventd or progress polling.
[[0;32m  OK  [0m] Reached target Local File Systems (Pre).
[[0;32m  OK  [0m] Reached target Local File Systems.
         Starting Tell Plymouth To Write Out Runtime Data...
         Starting Set console font and keymap...
         Starting Commit a transient machine-id on disk...
         Starting Create Volatile Files and Directories...
         Starting LSB: AppArmor initialization...
         Starting Initial cloud-init job (pre-networking)...
[[0;32m  OK  [0m] Started Tell Plymouth To Write Out Runtime Data.
[[0;32m  OK  [0m] Started Commit a transient machine-id on disk.
[[0;32m  OK  [0m] Started Create Volatile Files and Directories.
         Starting Update UTMP about System Boot/Shutdown...
[[0;32m  OK  [0m] Started Update UTMP about System Boot/Shutdown.
[   13.501006] [[0;32m  OK  [0m] Started LSB: AppArmor initialization.
cloud-init[532]: Cloud-init v. 21.1-19-gbad84ad4-0ubuntu1~16.04.2 running 'init-local' at Tue, 18 Oct 2022 15:16:31 +0000. Up 12.72 seconds.
[[0;32m  OK  [0m] Started Initial cloud-init job (pre-networking).
[[0;32m  OK  [0m] Reached target Network (Pre).
         Starting Load AppArmor profiles managed internally by snapd...
         Starting Raise network interfaces...
[[0;32m  OK  [0m] Started Load AppArmor profiles managed internally by snapd.
[[0;32m  OK  [0m] Started Set console font and keymap.
[[0;32m  OK  [0m] Created slice system-getty.slice.
[[0;32m  OK  [0m] Started Raise network interfaces.
         Starting Initial cloud-init job (metadata service crawler)...
[[0;32m  OK  [0m] Reached target Network.
[   16.345214] cloud-init[942]: Cloud-init v. 21.1-19-gbad84ad4-0ubuntu1~16.04.2 running 'init' at Tue, 18 Oct 2022 15:16:33 +0000. Up 15.15 seconds.
[   16.347767] cloud-init[942]: ci-info: ++++++++++++++++++++++++++++++++++++++Net device info++++++++++++++++++++++++++++++++++++++
[   16.367869] cloud-init[942]: ci-info: +--------+------+----------------------------+---------------+--------+-------------------+
[   16.370726] cloud-init[942]: ci-info: | Device |  Up  |          Address           |      Mask     | Scope  |     Hw-Address    |
[   16.372796] cloud-init[942]: ci-info: +--------+------+----------------------------+---------------+--------+-------------------+
[   16.376104] cloud-init[942]: ci-info: | enp0s3 | True |         10.0.2.15          | 255.255.255.0 | global | 02:be:82:6b:cc:1d |
[   16.379355] cloud-init[942]: ci-info: | enp0s3 | True | fe80::be:82ff:fe6b:cc1d/64 |       .       |  link  | 02:be:82:6b:cc:1d |
[   16.382094] cloud-init[942]: ci-info: |   lo   | True |         127.0.0.1          |   255.0.0.0   |  host  |         .         |
[   16.384384] cloud-init[942]: ci-info: |   lo   | True |          ::1/128           |       .       |  host  |         .         |
[   16.386667] cloud-init[942]: ci-info: +--------+------+----------------------------+---------------+--------+-------------------+
[   16.388976] cloud-init[942]: ci-info: +++++++++++++++++++++++++++Route IPv4 info++++++++++++++++++++++++++++
[   16.391383] cloud-init[942]: ci-info: +-------+-------------+----------+---------------+-----------+-------+
[   16.394190] cloud-init[942]: ci-info: | Route | Destination | Gateway  |    Genmask    | Interface | Flags |
[   16.396529] cloud-init[942]: ci-info: +-------+-------------+----------+---------------+-----------+-------+
[   16.399448] cloud-init[942]: ci-info: |   0   |   0.0.0.0   | 10.0.2.2 |    0.0.0.0    |   enp0s3  |   UG  |
[   16.401445] cloud-init[942]: ci-info: |   1   |   10.0.2.0  | 0.0.0.0  | 255.255.255.0 |   enp0s3  |   U   |
[   16.403493] cloud-init[942]: ci-info: +-------+-------------+----------+---------------+-----------+-------+
[   16.405902] cloud-init[942]: ci-info: +++++++++++++++++++Route IPv6 info+++++++++++++++++++
[   16.407792] cloud-init[942]: ci-info: +-------+-------------+---------+-----------+-------+
[   16.409737] cloud-init[942]: ci-info: | Route | Destination | Gateway | Interface | Flags |
[   16.411347] cloud-init[942]: ci-info: +-------+-------------+---------+-----------+-------+
[   16.413414] cloud-init[942]: ci-info: |   0   |  fe80::/64  |    ::   |   enp0s3  |   U   |
[   16.420589] cloud-init[942]: ci-info: |   3   |   ff00::/8  |    ::   |   enp0s3  |   U   |
[   16.422318] cloud-init[942]: ci-info: +-------+-------------+---------+-----------+-------+
[   16.424680] cloud-init[942]: Generating public/private rsa key pair.
[   16.426721] cloud-init[942]: Your identification has been saved in /etc/ssh/ssh_host_rsa_key.
[   16.428675] cloud-init[942]: Your public key has been saved in /etc/ssh/ssh_host_rsa_key.pub.
[   16.430691] cloud-init[942]: The key fingerprint is:
[   16.432688] cloud-init[942]: SHA256:Y/zm8bkSN349HU2q5bSUmynt8ujAoLnfK49F7k/+Mig root@ubuntu-xenial
[   16.435380] cloud-init[942]: The key's randomart image is:
[   16.437222] cloud-init[942]: +---[RSA 2048]----+
[   16.445695] cloud-init[942]: |                 |
[   16.447216] cloud-init[942]: |                 |
[   16.448878] cloud-init[942]: |                 |
[   16.450439] cloud-init[942]: |       .        .|
[   16.452474] cloud-init[942]: |        S .    +.|
[   16.454459] cloud-init[942]: |       + B. o *..|
[   16.456546] cloud-init[942]: |      o   O=.O *o|
[   16.458307] cloud-init[942]: |       .EBo*BoO.o|
[   16.459830] cloud-init[942]: |      ..o+*=O@+ .|
[   16.461407] cloud-init[942]: +----[SHA256]-----+
[   16.463345] cloud-init[942]: Generating public/private dsa key pair.
[   16.465901] cloud-init[942]: Your identification has been saved in /etc/ssh/ssh_host_dsa_key.
[   16.468359] cloud-init[942]: Your public key has been saved in /etc/ssh/ssh_host_dsa_key.pub.
[   16.470652] cloud-init[942]: The key fingerprint is:
[   16.472402] cloud-init[942]: SHA256:SXTVUnrDOyWbVzDaYZ9yp2ajY38YMaZtZJDY98xBb8U root@ubuntu-xenial
[   16.474319] cloud-init[942]: The key's randomart image is:
[   16.476305] cloud-init[942]: +---[DSA 1024]----+
[   16.476752] cloud-init[942]: |        . .+.+Bo.|
[   16.477149] cloud-init[942]: |       . .. =*o*E|
[   16.477696] cloud-init[942]: |        .   o=**O|
[   16.478293] cloud-init[942]: |       . .   .OX*|
[   16.478507] cloud-init[942]: |        S    *Xo.|
[   16.479017] cloud-init[942]: |            .+++ |
[   16.479594] cloud-init[942]: |            +. o |
[   16.480065] cloud-init[942]: |           . o. .|
[   16.480823] cloud-init[942]: |              .. |
[   16.481387] cloud-init[942]: +----[SHA256]-----+
[[0;32m  OK  [0m] Started Initial cloud-init job (metadata service crawler).
[   16.481486] cloud-init[942]: Generating public/private ecdsa key pair.
[   16.487644] cloud-init[942]: Your identification has been saved in /etc/ssh/ssh_host_ecdsa_key.
[   16.488062] cloud-init[942]: Your public key has been saved in /etc/ssh/ssh_host_ecdsa_key.pub.
[   16.488832] cloud-init[942]: The key fingerprint is:
[   16.489383] cloud-init[942]: SHA256:b5uA4FMqUdEqZdCJCEXFV8anSAcWNX8Da335Uut6VAM root@ubuntu-xenial
[   16.489952] cloud-init[942]: The key's randomart image is:
[   16.490392] cloud-init[942]: +---[ECDSA 256]---+
[   16.490892] cloud-init[942]: |o++*oo+*= .      |
[   16.491692] cloud-init[942]: |. . *o+.oo.+ E . |
[[   16.492516] cloud-init[942]: |   o.+ o o+ + + .|
[   16.497901] cloud-init[942]: |  ... . .. . o +o|
[   16.498378] cloud-init[942]: |  ... . S     ..+|
[   16.498805] cloud-init[942]: |   o + . .    .o |
[   16.499268] cloud-init[942]: |  . + . . o   .. |
[   16.499753] cloud-init[942]: |   . .   o o  .. |
[   16.500317] cloud-init[942]: |          o  ..  |
[   16.500760] cloud-init[942]: +----[SHA256]-----+
[   16.500969] cloud-init[942]: Generating public/private ed25519 key pair.
[   16.500998] cloud-init[942]: Your identification has been saved in /etc/ssh/ssh_host_ed25519_key.
[   16.501027] cloud-init[942]: Your public key has been saved in /etc/ssh/ssh_host_ed25519_key.pub.
[   16.501056] cloud-init[942]: The key fingerprint is:
[   16.501085] cloud-init[942]: SHA256:kFZbUHerQjVcA66O1rST74vtopPQLGVXD3NCv+vqrJI root@ubuntu-xenial
[   16.501115] cloud-init[942]: The key's randomart image is:
[   16.501153] cloud-init[942]: +--[ED25519 256]--+
[   16.501181] cloud-init[942]: |        oooo*o+  |
[   16.501209] cloud-init[942]: |       o o +*+.o |
[   16.501784] cloud-init[942]: |      + . ...*o  |
[   16.501951] cloud-init[942]: |     . .o... ... |
[   16.502381] cloud-init[942]: |       =S.+ . .  |
[   16.502842] cloud-init[942]: |      o o= +   . |
[   16.503201] cloud-init[942]: |       ooo*   .  |
[   16.503565] cloud-init[942]: |       .E .* .   |
[   16.504370] cloud-init[942]: |        .+o*Xo.  |
[   16.504796] cloud-init[942]: +----[SHA256]-----+
[0;32m  OK  [0m] Reached target System Initialization.
[[0;32m  OK  [0m] Started ACPI Events Check.
[[0;32m  OK  [0m] Reached target Paths.
[[0;32m  OK  [0m] Started Message of the Day.
[[0;32m  OK  [0m] Listening on UUID daemon activation socket.
[[0;32m  OK  [0m] Started Ubuntu Advantage update messaging.
[[0;32m  OK  [0m] Started Daily Cleanup of Temporary Directories.
         Starting LXD - unix socket.
[[0;32m  OK  [0m] Listening on ACPID Listen Socket.
[[0;32m  OK  [0m] Started Daily apt download activities.
[[0;32m  OK  [0m] Started Daily apt upgrade and clean activities.
[[0;32m  OK  [0m] Reached target Timers.
[[0;32m  OK  [0m] Listening on D-Bus System Message Bus Socket.
         Starting Socket activation for snappy daemon.
[[0;32m  OK  [0m] Reached target Network is Online.
         Starting iSCSI initiator daemon (iscsid)...
[[0;32m  OK  [0m] Reached target Cloud-config availability.
[[0;32m  OK  [0m] Listening on LXD - unix socket.
[[0;32m  OK  [0m] Listening on Socket activation for snappy daemon.
[[0;32m  OK  [0m] Reached target Sockets.
[[0;32m  OK  [0m] Reached target Basic System.
         Starting Virtualbox guest utils...
[[0;32m  OK  [0m] Started D-Bus System Message Bus.
[[0;32m  OK  [0m] Started Deferred execution scheduler.
         Starting /etc/rc.local Compatibility...
         Starting System Logging Service...
         Starting Accounts Service...
[[0;32m  OK  [0m] Started Regular background program processing daemon.
         Starting LSB: Record successful boot for GRUB...
         Starting Pollinate to seed the pseudo random number generator...
         Starting Login Service...
[[0;32m  OK  [0m] Started FUSE filesystem for LXC.
[[0;32m  OK  [0m] Started ACPI event daemon.
         Starting LSB: MD monitoring daemon...
         Starting Snap Daemon...
         Starting LXD - container startup/shutdown...
[[0;32m  OK  [0m] Started System Logging Service.
[[0;32m  OK  [0m] Started iSCSI initiator daemon (iscsid).
[[0;32m  OK  [0m] Started /etc/rc.local Compatibility.
         Starting Login to default iSCSI targets...
[[0;32m  OK  [0m] Started Login Service.
[[0;32m  OK  [0m] Started Unattended Upgrades Shutdown.
[[0;32m  OK  [0m] Started LSB: Record successful boot for GRUB.
[[0;32m  OK  [0m] Started LSB: MD monitoring daemon.
[[0;32m  OK  [0m] Started Login to default iSCSI targets.
[[0;32m  OK  [0m] Reached target Remote File Systems (Pre).
[[0;32m  OK  [0m] Reached target Remote File Systems.
         Starting Permit User Sessions...
         Starting LSB: Set the CPU Frequency Scaling governor to "ondemand"...
         Starting LSB: daemon to balance interrupts for SMP systems...
         Starting LSB: automatic crash report generation...
         Starting Authenticate and Authorize Users to Run Privileged Tasks...
[[0;32m  OK  [0m] Started Permit User Sessions.
         Starting Terminate Plymouth Boot Screen...
         Starting Hold until boot process finishes up...
[[0;32m  OK  [0m] Started Hold until boot process finishes up.
[[0;32m  OK  [0m] Started Terminate Plymouth Boot Screen.
[[0;32m  OK  [0m] Started Authenticate and Authorize Users to Run Privileged Tasks.
[[0;32m  OK  [0m] Started Accounts Service.
         Starting Set console scheme...
[[0;32m  OK  [0m] Started Getty on tty1.
[[0;32m  OK  [0m] Started Serial Getty on ttyS0.
[[0;32m  OK  [0m] Reached target Login Prompts.
[[0;32m  OK  [0m] Started LXD - container startup/shutdown.
[[0;32m  OK  [0m] Started LSB: Set the CPU Frequency Scaling governor to "ondemand".
[[0;32m  OK  [0m] Started Set console scheme.
[[0;32m  OK  [0m] Started LSB: daemon to balance interrupts for SMP systems.
[[0;32m  OK  [0m] Started LSB: automatic crash report generation.
[[0;32m  OK  [0m] Started Virtualbox guest utils.
[[0;32m  OK  [0m] Started Pollinate to seed the pseudo random number generator.
         Starting OpenBSD Secure Shell server...
[[0;32m  OK  [0m] Started Snap Daemon.
[[0;32m  OK  [0m] Started OpenBSD Secure Shell server.
         Starting Wait until snapd is fully seeded...
[[0;32m  OK  [0m] Created slice User Slice of vagrant.
         Starting User Manager for UID 1000...
[[0;32m  OK  [0m] Started Session 1 of user vagrant.
[[0;32m  OK  [0m] Started User Manager for UID 1000.
[[0;32m  OK  [0m] Started Wait until snapd is fully seeded.
[[0;32m  OK  [0m] Reached target Multi-User System.
[[0;32m  OK  [0m] Reached target Graphical Interface.
         Starting Update UTMP about System Runlevel Changes...
         Starting Apply the settings specified in cloud-config...
[[0;32m  OK  [0m] Started Update UTMP about System Runlevel Changes.
[   19.990801] cloud-init[1364]: Generating locales (this might take a while)...
[   22.271002] cloud-init[1364]:   en_US.UTF-8... done
[   22.271250] cloud-init[1364]: Generation complete.
[   23.021710] cloud-init[1364]: Cloud-init v. 21.1-19-gbad84ad4-0ubuntu1~16.04.2 running 'modules:config' at Tue, 18 Oct 2022 15:16:38 +0000. Up 19.67 seconds.

Ubuntu 16.04.7 LTS ubuntu-xenial ttyS0

ubuntu-xenial login: ci-info: no authorized SSH keys fingerprints found for user ubuntu.
<14>Oct 18 15:16:42 ec2: 
<14>Oct 18 15:16:42 ec2: #############################################################
<14>Oct 18 15:16:42 ec2: -----BEGIN SSH HOST KEY FINGERPRINTS-----
<14>Oct 18 15:16:42 ec2: 1024 SHA256:SXTVUnrDOyWbVzDaYZ9yp2ajY38YMaZtZJDY98xBb8U root@ubuntu-xenial (DSA)
<14>Oct 18 15:16:42 ec2: 256 SHA256:b5uA4FMqUdEqZdCJCEXFV8anSAcWNX8Da335Uut6VAM root@ubuntu-xenial (ECDSA)
<14>Oct 18 15:16:42 ec2: 256 SHA256:kFZbUHerQjVcA66O1rST74vtopPQLGVXD3NCv+vqrJI root@ubuntu-xenial (ED25519)
<14>Oct 18 15:16:42 ec2: 2048 SHA256:Y/zm8bkSN349HU2q5bSUmynt8ujAoLnfK49F7k/+Mig root@ubuntu-xenial (RSA)
<14>Oct 18 15:16:42 ec2: -----END SSH HOST KEY FINGERPRINTS-----
<14>Oct 18 15:16:42 ec2: #############################################################
-----BEGIN SSH HOST KEY KEYS-----
ecdsa-sha2-nistp256 AAAAE2VjZHNhLXNoYTItbmlzdHAyNTYAAAAIbmlzdHAyNTYAAABBBLnMgwQx6t85QXOkFwXqtji4qOz/v7Q3x4EtZNa2dMWzsifbiP4kCryKkuSVrtE6qVWxdTAYYKtLetGGf+4QqQ0= root@ubuntu-xenial
ssh-ed25519 AAAAC3NzaC1lZDI1NTE5AAAAIJJ7zCBXsr/7CcmyfQWP2qTKZQM7hSjbvayBCP0YSuGQ root@ubuntu-xenial
ssh-rsa AAAAB3NzaC1yc2EAAAADAQABAAABAQC+XZTZWU7G7gW+O7nPegDRlhUlQ99WRFhzplIg7qzp9g2Fo74tq8fu+9vJYOlwNamyauc5hijaAiglWLr0LOpuaip0eixyaDbg16NKWHOXETQ8Ax/EaPtAkLRXmjY5rFxjs8FfJuCt4Dc6W6wLfas5WAIdrzfN+256n+I3xOKvT4d57WgcFFfmcGWnVwxT/YOr5Os8meYcO6j9ukYVpAhM3GXP/+zdJNgxaoWESjamgUs6CCUNmyvbYbYDjTW1j1G5FzXrCS0y9DANtjlXs4Ej5OGtohViNCabZ4KlfFgi573XVcw5Tgros1I9PwIqwZWGVBZNmKbgcarzA1GQwy8v root@ubuntu-xenial
-----END SSH HOST KEY KEYS-----
[   23.730986] cloud-init[1542]: Cloud-init v. 21.1-19-gbad84ad4-0ubuntu1~16.04.2 running 'modules:final' at Tue, 18 Oct 2022 15:16:42 +0000. Up 23.56 seconds.
[   23.745707] cloud-init[1542]: ci-info: no authorized SSH keys fingerprints found for user ubuntu.
[   23.746158] cloud-init[1542]: Cloud-init v. 21.1-19-gbad84ad4-0ubuntu1~16.04.2 finished at Tue, 18 Oct 2022 15:16:42 +0000. Datasource DataSourceNoCloud [seed=/dev/sdb][dsmode=net].  Up 23.71 seconds
